[30-Nov-2017 05:23:22 UTC] PHP Fatal error:  Class 'CodeIgniter\Model' not found in /Users/kilishan/WebSites/Myth/Auth/src/Models/UserModel.php on line 6
[30-Nov-2017 05:24:17 UTC] PHP Warning:  include(../vendor/autoload.php): failed to open stream: No such file or directory in /Users/kilishan/WebSites/Myth/Auth/tests/bootstrap.php on line 3
[30-Nov-2017 05:24:17 UTC] PHP Warning:  include(): Failed opening '../vendor/autoload.php' for inclusion (include_path='.:') in /Users/kilishan/WebSites/Myth/Auth/tests/bootstrap.php on line 3
[30-Nov-2017 05:24:17 UTC] PHP Fatal error:  Class 'CodeIgniter\Model' not found in /Users/kilishan/WebSites/Myth/Auth/src/Models/UserModel.php on line 6
[30-Nov-2017 05:24:56 UTC] PHP Warning:  include(../vendor/autoload.php): failed to open stream: No such file or directory in /Users/kilishan/WebSites/Myth/Auth/tests/bootstrap.php on line 3
[30-Nov-2017 05:24:56 UTC] PHP Warning:  include(): Failed opening '../vendor/autoload.php' for inclusion (include_path='.:') in /Users/kilishan/WebSites/Myth/Auth/tests/bootstrap.php on line 3
[30-Nov-2017 05:24:56 UTC] PHP Fatal error:  Class 'CodeIgniter\Model' not found in /Users/kilishan/WebSites/Myth/Auth/src/Models/UserModel.php on line 6
[30-Nov-2017 05:25:07 UTC] PHP Warning:  include(../vendor/autoload.php): failed to open stream: No such file or directory in /Users/kilishan/WebSites/Myth/Auth/tests/bootstrap.php on line 3
[30-Nov-2017 05:25:07 UTC] PHP Warning:  include(): Failed opening '../vendor/autoload.php' for inclusion (include_path='.:') in /Users/kilishan/WebSites/Myth/Auth/tests/bootstrap.php on line 3
[30-Nov-2017 05:25:07 UTC] PHP Fatal error:  Class 'CodeIgniter\Model' not found in /Users/kilishan/WebSites/Myth/Auth/src/Models/UserModel.php on line 6
[30-Nov-2017 05:25:40 UTC] PHP Warning:  require(../vendor/autoload.php): failed to open stream: No such file or directory in /Users/kilishan/WebSites/Myth/Auth/tests/bootstrap.php on line 3
[30-Nov-2017 05:25:40 UTC] PHP Fatal error:  require(): Failed opening required '../vendor/autoload.php' (include_path='.:') in /Users/kilishan/WebSites/Myth/Auth/tests/bootstrap.php on line 3
[30-Nov-2017 05:25:57 UTC] PHP Warning:  require(../../vendor/autoload.php): failed to open stream: No such file or directory in /Users/kilishan/WebSites/Myth/Auth/tests/bootstrap.php on line 3
[30-Nov-2017 05:25:57 UTC] PHP Fatal error:  require(): Failed opening required '../../vendor/autoload.php' (include_path='.:') in /Users/kilishan/WebSites/Myth/Auth/tests/bootstrap.php on line 3
[30-Nov-2017 05:26:06 UTC] PHP Fatal error:  Class 'CodeIgniter\Model' not found in /Users/kilishan/WebSites/Myth/Auth/src/Models/UserModel.php on line 6
[30-Nov-2017 05:30:58 UTC] PHP Fatal error:  Class 'CodeIgniter\Model' not found in /Users/kilishan/WebSites/Myth/Auth/src/Models/UserModel.php on line 6
[30-Nov-2017 05:34:16 UTC] PHP Fatal error:  Class 'Config\Services' not found in /Users/kilishan/WebSites/Myth/Auth/src/Config/Services.php on line 6
[30-Nov-2017 05:34:38 UTC] PHP Fatal error:  Class 'Config\Services' not found in /Users/kilishan/WebSites/Myth/Auth/src/Config/Services.php on line 6
[30-Nov-2017 05:34:44 UTC] PHP Fatal error:  Class 'Config\Services' not found in /Users/kilishan/WebSites/Myth/Auth/src/Config/Services.php on line 6
[30-Nov-2017 05:34:59 UTC] PHP Fatal error:  Class 'Config\Services' not found in /Users/kilishan/WebSites/Myth/Auth/src/Config/Services.php on line 6
[30-Nov-2017 05:36:07 UTC] PHP Warning:  Uncaught require_once(../CodeIgniter4/systemConfig/Services.php): failed to open stream: No such file or directory

/Users/kilishan/WebSites/CodeIgniter4/application/Config/Services.php:5
/Users/kilishan/WebSites/CodeIgniter4/application/Config/Services.php:5
/Users/kilishan/WebSites/Myth/Auth/src/Config/Services.php:6
/Users/kilishan/WebSites/Myth/Auth/tests/unit/LocalAuthenticateTest.php:23

  thrown in /Users/kilishan/WebSites/CodeIgniter4/application/Config/Services.php on line 5
[30-Nov-2017 05:36:07 UTC] PHP Fatal error:  main(): Failed opening required '../CodeIgniter4/systemConfig/Services.php' (include_path='.:') in /Users/kilishan/WebSites/CodeIgniter4/application/Config/Services.php on line 5
[30-Nov-2017 05:36:21 UTC] PHP Warning:  Uncaught require_once(../CodeIgniter4/Config/Services.php): failed to open stream: No such file or directory

/Users/kilishan/WebSites/CodeIgniter4/application/Config/Services.php:5
/Users/kilishan/WebSites/CodeIgniter4/application/Config/Services.php:5
/Users/kilishan/WebSites/Myth/Auth/src/Config/Services.php:6
/Users/kilishan/WebSites/Myth/Auth/tests/unit/LocalAuthenticateTest.php:23

  thrown in /Users/kilishan/WebSites/CodeIgniter4/application/Config/Services.php on line 5
[30-Nov-2017 05:36:21 UTC] PHP Fatal error:  main(): Failed opening required '../CodeIgniter4/Config/Services.php' (include_path='.:') in /Users/kilishan/WebSites/CodeIgniter4/application/Config/Services.php on line 5
[30-Nov-2017 05:36:33 UTC] PHP Warning:  Uncaught require_once(../CodeIgniter4/application/Config/Services.php): failed to open stream: No such file or directory

/Users/kilishan/WebSites/CodeIgniter4/application/Config/Services.php:5
/Users/kilishan/WebSites/CodeIgniter4/application/Config/Services.php:5
/Users/kilishan/WebSites/Myth/Auth/src/Config/Services.php:6
/Users/kilishan/WebSites/Myth/Auth/tests/unit/LocalAuthenticateTest.php:23

  thrown in /Users/kilishan/WebSites/CodeIgniter4/application/Config/Services.php on line 5
[30-Nov-2017 05:36:33 UTC] PHP Fatal error:  main(): Failed opening required '../CodeIgniter4/application/Config/Services.php' (include_path='.:') in /Users/kilishan/WebSites/CodeIgniter4/application/Config/Services.php on line 5
[01-Dec-2017 22:07:40 UTC] PHP Warning:  Uncaught require_once(../CodeIgniter4/application/Config/Services.php): failed to open stream: No such file or directory

/Users/kilishan/WebSites/CodeIgniter4/application/Config/Services.php:5
/Users/kilishan/WebSites/CodeIgniter4/application/Config/Services.php:5
/Users/kilishan/WebSites/Myth/Auth/src/Config/Services.php:6
/Users/kilishan/WebSites/Myth/Auth/tests/unit/LocalAuthenticateTest.php:23

  thrown in /Users/kilishan/WebSites/CodeIgniter4/application/Config/Services.php on line 5
[01-Dec-2017 22:07:40 UTC] PHP Fatal error:  main(): Failed opening required '../CodeIgniter4/application/Config/Services.php' (include_path='.:') in /Users/kilishan/WebSites/CodeIgniter4/application/Config/Services.php on line 5
[01-Dec-2017 22:09:46 UTC] PHP Fatal error:  Uncaught Error: Call to undefined function dd() in /Users/kilishan/WebSites/Myth/Auth/tests/bootstrap.php:7
Stack trace:
#0 /Users/kilishan/WebSites/Myth/Auth/vendor/phpunit/phpunit/src/Util/Fileloader.php(64): include_once()
#1 /Users/kilishan/WebSites/Myth/Auth/vendor/phpunit/phpunit/src/Util/Fileloader.php(48): PHPUnit\Util\Fileloader::load('/Users/kilishan...')
#2 /Users/kilishan/WebSites/Myth/Auth/vendor/phpunit/phpunit/src/TextUI/Command.php(991): PHPUnit\Util\Fileloader::checkAndLoad('/Users/kilishan...')
#3 /Users/kilishan/WebSites/Myth/Auth/vendor/phpunit/phpunit/src/TextUI/Command.php(788): PHPUnit\TextUI\Command->handleBootstrap('/Users/kilishan...')
#4 /Users/kilishan/WebSites/Myth/Auth/vendor/phpunit/phpunit/src/TextUI/Command.php(159): PHPUnit\TextUI\Command->handleArguments(Array)
#5 /Users/kilishan/WebSites/Myth/Auth/vendor/phpunit/phpunit/src/TextUI/Command.php(148): PHPUnit\TextUI\Command->run(Array, true)
#6 /Users/kilishan/WebSites/Myth/Auth/vendor/phpunit/phpunit/phpunit(53): PHPUnit\Text in /Users/kilishan/WebSites/Myth/Auth/tests/bootstrap.php on line 7
[01-Dec-2017 22:28:03 UTC] PHP Warning:  require(test/_support/Common.php): failed to open stream: No such file or directory in /Users/kilishan/WebSites/Myth/Auth/tests/bootstrap.php on line 4
[01-Dec-2017 22:28:03 UTC] PHP Fatal error:  require(): Failed opening required 'test/_support/Common.php' (include_path='.:') in /Users/kilishan/WebSites/Myth/Auth/tests/bootstrap.php on line 4
[02-Dec-2017 05:17:39 UTC] PHP Parse error:  syntax error, unexpected '(' in /Users/kilishan/WebSites/Myth/Auth/tests/unit/LocalAuthenticateLoginTest.php on line 42
[02-Dec-2017 05:25:39 UTC] PHP Fatal error:  Declaration of Myth\Auth\Authentication\AuthenticationBase::user() must be compatible with Myth\Auth\Authentication\AuthenticatorInterface::user(): Myth\Auth\Entities\User in /Users/kilishan/WebSites/Myth/Auth/src/Authentication/LocalAuthenticator.php on line 6
